This is pdfTeX, Version 3.14159265-2.6-1.40.16 (TeX Live 2015/Debian) (preloaded format=prv_sim1 2017.10.25)  25 OCT 2017 14:17
entering extended mode
 restricted \write18 enabled.
 %&-line parsing enabled.
**&prv_sim1 _region_.tex
(./_region_.tex
LaTeX2e <2016/02/01>
Babel <3.9q> and hyphenation patterns for 81 language(s) loaded.
CUSTOMISED FORMAT. Preloaded files:
        .
     nag.sty    2011/11/25 0.7 warning about old commands (ulmi)
nag-l2tabu.cfg    2010/05/17 v2.11 l2tabu rules for nag.sty (ulmi)
nag-orthodox.cfg    2006/04/19 v1.8 strict rules for nag.sty (ulmi)
scrartcl.cls    2015/10/03 v3.19a KOMA-Script document class (article)
scrkbase.sty    2015/10/03 v3.19a KOMA-Script package (KOMA-Script-dependent ba
sics and keyval usage)
 scrbase.sty    2015/10/03 v3.19a KOMA-Script package (KOMA-Script-independent 
basics and keyval usage)
  keyval.sty    2014/10/28 v1.15 key=value parser (DPC)
scrlfile.sty    2015/10/03 v3.19a KOMA-Script package (loading files)
tocbasic.sty    2015/10/03 v3.19a KOMA-Script package (handling toc-files)
scrsize11pt.clo    2015/10/03 v3.19a KOMA-Script font size class option (11pt)
typearea.sty    2015/10/03 v3.19a KOMA-Script package (type area)
inputenc.sty    2015/03/17 v1.2c Input encoding file
    utf8.def    2015/12/03 v1.1r UTF-8 support for inputenc
   t1enc.dfu    2015/12/03 v1.1r UTF-8 support for inputenc
  ot1enc.dfu    2015/12/03 v1.1r UTF-8 support for inputenc
  omsenc.dfu    2015/12/03 v1.1r UTF-8 support for inputenc
  t1txtt.fd    2000/12/15 v3.1
   color.sty    1999/02/16
   color.cfg    2007/01/18 v1.5 color configuration of teTeX/TeXLive
  pdftex.def    2011/05/27 v0.06d Graphics/color for pdfTeX
infwarerr.sty    2010/04/08 v1.3 Providing info/warning/error messages (HO)
 ltxcmds.sty    2011/11/09 v1.22 LaTeX kernel commands for general use (HO)
 fontenc.sty
   t1enc.def    2005/09/27 v1.99g Standard LaTeX file
 lmodern.sty    2009/10/30 v1.6 Latin Modern Fonts
 amsmath.sty    2016/03/03 v2.15a AMS math features
 amstext.sty    2000/06/29 v2.01 AMS text
  amsgen.sty    1999/11/30 v2.0 generic functions
  amsbsy.sty    1999/11/29 v1.2d Bold Symbols
  amsopn.sty    1999/12/14 v2.01 operator names
hyperref.sty    2012/11/06 v6.83m Hypertext links for LaTeX
hobsub-hyperref.sty    2012/05/28 v1.13 Bundle oberdiek, subset hyperref (HO)
hobsub-generic.sty    2012/05/28 v1.13 Bundle oberdiek, subset generic (HO)
  hobsub.sty    2012/05/28 v1.13 Construct package bundles (HO)
ifluatex.sty    2010/03/01 v1.3 Provides the ifluatex switch (HO)
  ifvtex.sty    2010/03/01 v1.5 Detect VTeX and its facilities (HO)
 intcalc.sty    2007/09/27 v1.1 Expandable calculations with integers (HO)
   ifpdf.sty    2011/01/30 v2.3 Provides the ifpdf switch (HO)
etexcmds.sty    2011/02/16 v1.5 Avoid name clashes with e-TeX commands (HO)
kvsetkeys.sty    2012/04/25 v1.16 Key value parser (HO)
kvdefinekeys.sty    2011/04/07 v1.3 Define keys (HO)
pdftexcmds.sty    2011/11/29 v0.20 Utility functions of pdfTeX for LuaTeX (HO)
pdfescape.sty    2011/11/25 v1.13 Implements pdfTeX's escape features (HO)
bigintcalc.sty    2012/04/08 v1.3 Expandable calculations on big integers (HO)
  bitset.sty    2011/01/30 v1.1 Handle bit-vector datatype (HO)
uniquecounter.sty    2011/01/30 v1.2 Provide unlimited unique counter (HO)
letltxmacro.sty    2010/09/02 v1.4 Let assignment for LaTeX macros (HO)
 hopatch.sty    2012/05/28 v1.2 Wrapper for package hooks (HO)
xcolor-patch.sty    2011/01/30 xcolor patch
atveryend.sty    2011/06/30 v1.8 Hooks at the very end of document (HO)
atbegshi.sty    2011/10/05 v1.16 At begin shipout hook (HO)
refcount.sty    2011/10/16 v3.4 Data extraction from label references (HO)
 hycolor.sty    2011/01/30 v1.7 Color options for hyperref/bookmark (HO)
 ifxetex.sty    2010/09/12 v0.6 Provides ifxetex conditional
 auxhook.sty    2011/03/04 v1.3 Hooks for auxiliary files (HO)
kvoptions.sty    2011/06/30 v3.11 Key value format for package options (HO)
  pd1enc.def    2012/11/06 v6.83m Hyperref: PDFDocEncoding definition (HO)
hyperref.cfg    2002/06/06 v1.2 hyperref configuration of TeXLive
     url.sty    2013/09/16  ver 3.4  Verb mode for urls, etc.
 hpdftex.def    2012/11/06 v6.83m Hyperref driver for pdfTeX
rerunfilecheck.sty    2011/04/15 v1.7 Rerun checks for auxiliary files (HO)
 grffile.sty    2012/04/05 v1.16 Extended file name support for graphics (HO)
graphics.sty    2016/01/03 v1.0q Standard LaTeX Graphics (DPC,SPQR)
    trig.sty    2016/01/03 v1.10 sin cos tan (DPC)
graphics.cfg    2010/04/23 v1.9 graphics configuration of TeX Live
   units.sty    1998/08/04 v0.9b Typesetting units
  ifthen.sty    2014/09/29 v1.1c Standard LaTeX ifthen package (DPC)
nicefrac.sty    1998/08/04 v0.9b Nice fractions
breakurl.sty    2013/04/10 v1.40 Breakable hyperref URLs
 xkeyval.sty    2014/12/03 v2.7a package option processing (HA)
 xkeyval.tex    2014/12/03 v2.7a key=value parser (HA)
  xspace.sty    2014/10/28 v1.13 Space after command names (DPC,MH)
  xcolor.sty    2007/01/21 v2.11 LaTeX color extensions (UK)
   color.cfg    2007/01/18 v1.5 color configuration of teTeX/TeXLive
booktabs.sty    2005/04/14 v1.61803 publication quality tables
listings.sty    2015/06/04 1.6 (Carsten Heinz)
 lstmisc.sty    2015/06/04 1.6 (Carsten Heinz)
listings.cfg    2015/06/04 1.6 listings configuration
lstlang1.sty    2015/06/04 1.6 listings language file
      bm.sty    2014/10/28 v1.1c Bold Symbol Support (DPC/FMi)
 courier.sty    2005/04/12 PSNFSS-v9.2a (WaS) 
graphicx.sty    2014/10/28 v1.0g Enhanced LaTeX Graphics (DPC,SPQR)
  ot1lmr.fd    2009/10/30 v1.6 Font defs for Latin Modern
  omllmm.fd    2009/10/30 v1.6 Font defs for Latin Modern
 omslmsy.fd    2009/10/30 v1.6 Font defs for Latin Modern
 omxlmex.fd    2009/10/30 v1.6 Font defs for Latin Modern
   t1lmr.fd    2009/10/30 v1.6 Font defs for Latin Modern
   t1pcr.fd    2001/06/04 font definitions for T1/pcr.
  t1lmss.fd    2009/10/30 v1.6 Font defs for Latin Modern
        .
No file _region_.aux.
LaTeX Font Info:    Checking defaults for OML/cmm/m/it on input line 131.
LaTeX Font Info:    ... okay on input line 131.
LaTeX Font Info:    Checking defaults for T1/cmr/m/n on input line 131.
LaTeX Font Info:    ... okay on input line 131.
LaTeX Font Info:    Checking defaults for OT1/cmr/m/n on input line 131.
LaTeX Font Info:    ... okay on input line 131.
LaTeX Font Info:    Checking defaults for OMS/cmsy/m/n on input line 131.
LaTeX Font Info:    ... okay on input line 131.
LaTeX Font Info:    Checking defaults for OMX/cmex/m/n on input line 131.
LaTeX Font Info:    ... okay on input line 131.
LaTeX Font Info:    Checking defaults for U/cmr/m/n on input line 131.
LaTeX Font Info:    ... okay on input line 131.
LaTeX Font Info:    Checking defaults for PD1/pdf/m/n on input line 131.
LaTeX Font Info:    ... okay on input line 131.
(/home/cameron/.emacs.d/elpa/auctex-11.91.0/latex/preview.sty
Package: preview 2017/04/24 11.91 (AUCTeX/preview-latex)

(/usr/share/texlive/texmf-dist/tex/generic/luatex85/luatex85.sty
Package: luatex85 2016/03/01 v1.0 pdftex aliases for luatex
)
(/home/cameron/.emacs.d/elpa/auctex-11.91.0/latex/prtightpage.def
\PreviewBorder=\dimen135
)
(/home/cameron/.emacs.d/elpa/auctex-11.91.0/latex/prauctex.def
No auxiliary output files.


\hbadness=\count126
\hfuzz=\dimen136
(/home/cameron/.emacs.d/elpa/auctex-11.91.0/latex/prauctex.cfg))
(/home/cameron/.emacs.d/elpa/auctex-11.91.0/latex/prfootnotes.def)
\pr@snippet=\count127
\pr@box=\box31
\pr@output=\toks25

Preview: Fontsize 10.95pt
Preview: PDFoutput 1
)
Package nag Info: Command \frontmatter not defined, skipping amendment on input
 line 131.
Package nag Info: Command \mainmatter not defined, skipping amendment on input 
line 131.
Package nag Info: Command \backmatter not defined, skipping amendment on input 
line 131.
Package nag Info: Command \RaggedLeft not defined, skipping amendment on input 
line 131.
Package nag Info: Command \RaggedRight not defined, skipping amendment on input
 line 131.
 (/usr/share/texlive/texmf-dist/tex/context/base/supp-pdf.mkii
[Loading MPS to PDF converter (version 2006.09.02).]
\scratchcounter=\count128
\scratchdimen=\dimen137
\scratchbox=\box32
\nofMPsegments=\count129
\nofMParguments=\count130
\everyMPshowfont=\toks26
\MPscratchCnt=\count131
\MPscratchDim=\dimen138
\MPnumerator=\count132
\makeMPintoPDFobject=\count133
\everyMPtoPDFconversion=\toks27
)
\AtBeginShipoutBox=\box33
Package hyperref Info: Link coloring OFF on input line 131.
 (/usr/share/texlive/texmf-dist/tex/latex/hyperref/nameref.sty
Package: nameref 2012/10/27 v2.43 Cross-referencing by name of section

(/usr/share/texlive/texmf-dist/tex/generic/oberdiek/gettitlestring.sty
Package: gettitlestring 2010/12/03 v1.4 Cleanup title references (HO)
)
\c@section@level=\count134
)
LaTeX Info: Redefining \ref on input line 131.
LaTeX Info: Redefining \pageref on input line 131.
LaTeX Info: Redefining \nameref on input line 131.

(/usr/share/texlive/texmf-dist/tex/latex/oberdiek/epstopdf-base.sty
Package: epstopdf-base 2010/02/09 v2.5 Base part for package epstopdf

(/usr/share/texlive/texmf-dist/tex/latex/oberdiek/grfext.sty
Package: grfext 2010/08/19 v1.1 Manage graphics extensions (HO)
)
Package grfext Info: Graphics extension search list:
(grfext)             [.png,.pdf,.jpg,.mps,.jpeg,.jbig2,.jb2,.PNG,.PDF,.JPG,.JPE
G,.JBIG2,.JB2,.eps]
(grfext)             \AppendGraphicsExtensions on input line 452.

(/usr/share/texlive/texmf-dist/tex/latex/latexconfig/epstopdf-sys.cfg
File: epstopdf-sys.cfg 2010/07/13 v1.3 Configuration of (r)epstopdf for TeX Liv
e
))
Package grffile Info: \Gin@ii of package `graphicx' fixed on input line 131.
\c@lstlisting=\count135
Package nag Info: Command \caption@xlabel not defined, skipping amendment on in
put line 131.
Package nag Info: Command \hc@caption not defined, skipping amendment on input 
line 131.
Package nag Info: Command \topcaption not defined, skipping amendment on input 
line 131.

 !name(sim1.tex) !offset(63) 
! Preview: Snippet 1 started.
<-><->
      
l.138 \begin{equation}
                      
Not a real error.

Preview: Tightpage -32891 -32891 32891 32891
! Preview: Snippet 1 ended.(717618+0x27410796).
<-><->
      
l.140 \end{equation}
                    
Not a real error.

[1{/var/lib/texmf/fonts/map/pdftex/updmap/pdftex.map}]
! Preview: Snippet 2 started.
<-><->
      
l.142 $
       \bm{v}_0 = \begin{pmatrix}v_\mathrm{w} \\ 0 \end{pmatrix}
Not a real error.

! Preview: Snippet 2 ended.(1162453+803646x4239316).
<-><->
      
l.143 \unitfrac{m}{s}$
                       is the wind speed.  The compute forces function was
Not a real error.

[2]

Package xcolor Warning: Incompatible color definition on input line 146.

LaTeX Font Info:    Try loading font information for OMS+lmr on input line 147.

(/usr/share/texmf/tex/latex/lm/omslmr.fd
File: omslmr.fd 2009/10/30 v1.6 Font defs for Latin Modern
)
LaTeX Font Info:    Font shape `OMS/lmr/m/n' in size <10.95> not available
(Font)              Font shape `OMS/lmsy/m/n' tried instead on input line 147.


Package xcolor Warning: Incompatible color definition on input line 149.

! Preview: Snippet 3 started.
<-><->
      
l.151 We used a value of $
                          \gamma = 0.1$ for the friction coefficient and
Not a real error.

! Preview: Snippet 3 ended.(451902+139537x2285190).
<-><->
      
l.151 We used a value of $\gamma = 0.1$
                                        for the friction coefficient and
Not a real error.

[3]
! Preview: Snippet 4 started.
<-><->
      
l.152 once again used a time step of $
                                      \Delta t = 0.1$.
Not a real error.

! Preview: Snippet 4 ended.(513815+0x2730922).
<-><->
      
l.152 ...gain used a time step of $\Delta t = 0.1$
                                                  .
Not a real error.

[4]
! Preview: Snippet 5 started.
<-><->
      
l.153 \begin{figure}
                    
Not a real error.

<../fig/cannonball2.png, id=24, 517.4532pt x 409.53pt>
File: ../fig/cannonball2.png Graphic file (type png)

<use ../fig/cannonball2.png>
Package pdftex.def Info: ../fig/cannonball2.png used on input line 154.
(pdftex.def)             Requested size: 292.7776pt x 231.71606pt.

! Preview: Snippet 5 ended.(17891073+0x27410796).
<-><->
      
l.159 \end{figure}
                  
Not a real error.

[5


 <../fig/cannonball2.png>]

LaTeX Warning: Reference `fig:cannonball2' on page 1 undefined on input line 16
0.

! Preview: Snippet 6 started.
<-><->
      
l.162 case $
            v_\mathrm{w} = 0$ and $v_\mathrm{w} = -50$.
Not a real error.

! Preview: Snippet 6 ended.(451902+107642x2101414).
<-><->
      
l.162 case $v_\mathrm{w} = 0$
                              and $v_\mathrm{w} = -50$.
Not a real error.

[6]
! Preview: Snippet 7 started.
<-><->
      
l.162 case $v_\mathrm{w} = 0$ and $
                                   v_\mathrm{w} = -50$.
Not a real error.

! Preview: Snippet 7 ended.(451902+107642x3018373).
<-><->
      
l.162 ..._\mathrm{w} = 0$ and $v_\mathrm{w} = -50$
                                                  .
Not a real error.

[7]  !name(sim1.tex) !offset(61) 
No complaints by nag.
Package atveryend Info: Empty hook `BeforeClearDocument' on input line 166.
Package atveryend Info: Empty hook `AfterLastShipout' on input line 166.
Package atveryend Info: Executing hook `AtVeryEndDocument' on input line 166.
Package atveryend Info: Empty hook `AtEndAfterFileList' on input line 166.

LaTeX Warning: There were undefined references.

Package atveryend Info: Empty hook `AtVeryVeryEnd' on input line 166.
 ) 
Here is how much of TeX's memory you used:
 1586 strings out of 483265
 20713 string characters out of 5990675
 336295 words of memory out of 5000000
 14665 multiletter control sequences out of 15000+600000
 56332 words of font info for 47 fonts, out of 8000000 for 9000
 1141 hyphenation exceptions out of 8191
 37i,10n,73p,181b,1556s stack positions out of 5000i,500n,10000p,200000b,80000s
{/usr/share/texmf/fonts/enc/dvips/lm/lm-mathex.enc}{/usr/share/texmf/fonts/en
c/dvips/lm/lm-ec.enc}{/usr/share/texmf/fonts/enc/dvips/lm/lm-mathsy.enc}{/usr/s
hare/texmf/fonts/enc/dvips/lm/lm-mathit.enc}{/usr/share/texmf/fonts/enc/dvips/l
m/lm-rm.enc}</usr/share/texmf/fonts/type1/public/lm/lmex10.pfb></usr/share/texm
f/fonts/type1/public/lm/lmmi10.pfb></usr/share/texmf/fonts/type1/public/lm/lmmi
b10.pfb></usr/share/texmf/fonts/type1/public/lm/lmr10.pfb></usr/share/texmf/fon
ts/type1/public/lm/lmr8.pfb></usr/share/texmf/fonts/type1/public/lm/lmsy10.pfb>

Output written on _region_.pdf (7 pages, 236986 bytes).
PDF statistics:
 67 PDF objects out of 1000 (max. 8388607)
 49 compressed objects within 1 object stream
 2 named destinations out of 1000 (max. 500000)
 6 words of extra memory for PDF output out of 10000 (max. 10000000)

